2019-06-07 21:59:28,932 INFO  [TC1]  1. Login SuccessFully 
2019-06-07 21:59:35,857 INFO  [TC1] 2. Trend Get click Successfully  
2019-06-07 21:59:36,638 INFO  [TC1] 3. Screen shots Take Successfully 
2019-06-07 22:08:51,722 INFO  [TC2]  1. Login SuccessFully 
2019-06-07 22:08:58,169 INFO  [TC2]  2. Subscribe button gets click successfully 
2019-06-07 22:08:58,916 INFO  [TC2] 3. Screen get Tacked 
2019-06-07 22:09:50,397 INFO  [TC3] 1. Login Sucess fully 
2019-06-07 22:09:55,424 INFO  [TC3] 2. Video Gets play 
2019-06-07 22:09:58,304 INFO  [TC3] 3. Screen taked successfully 
2019-06-07 22:14:12,874 INFO  [TC4] 1. Login Success 
2019-06-07 22:14:20,319 INFO  [TC4] 1. Video play Successfully 
2019-06-07 22:14:20,575 INFO  [TC4] Subscribed the channel 
2019-06-07 22:14:21,182 INFO  [TC4] Screen shot get capture 
2019-06-07 22:53:18,754 INFO  [TC1]  1. Login SuccessFully 
2019-06-07 22:54:58,092 INFO  [TC1]  1. Login SuccessFully 
2019-06-07 22:55:07,059 INFO  [TC1] 2. Trend Get click Successfully  
2019-06-07 22:55:07,643 INFO  [TC1] 3. Screen shots Take Successfully 
2019-06-07 23:19:18,067 INFO  [TC1]  1. Login SuccessFully 
2019-06-07 23:19:24,518 INFO  [TC1] 2. Trend Get click Successfully  
2019-06-07 23:19:25,111 INFO  [TC1] 3. Screen shots Take Successfully 
